Using pre-set license
Built from '2020.3/staging' branch; Version is '2020.3.25f1 (9b9180224418) revision 10195328'; Using compiler version '192528614'; Build Type 'Release'
OS: 'Windows 10  (10.0.19042) 64bit Professional' Language: 'ru' Physical Memory: 16225 MB
BatchMode: 1, IsHumanControllingUs: 0, StartBugReporterOnCrash: 0, Is64bit: 1, IsPro: 0

COMMAND LINE ARGUMENTS:
C:\Program Files\Unity\Hub\Editor\2020.3.25f1\Editor\Unity.exe
-adb2
-batchMode
-noUpm
-name
AssetImportWorker0
-projectPath
C:/Unity/Puzle
-logFile
Logs/AssetImportWorker0.log
-srvPort
51191
Successfully changed project path to: C:/Unity/Puzle
C:/Unity/Puzle
Using Asset Import Pipeline V2.
Refreshing native plugins compatible for Editor in 39.44 ms, found 3 plugins.
Preloading 0 native plugins for Editor in 0.00 ms.
Initialize engine version: 2020.3.25f1 (9b9180224418)
[Subsystems] Discovering subsystems at path C:/Program Files/Unity/Hub/Editor/2020.3.25f1/Editor/Data/Resources/UnitySubsystems
[Subsystems] Discovering subsystems at path C:/Unity/Puzle/Assets
GfxDevice: creating device client; threaded=0
Direct3D:
    Version:  Direct3D 11.0 [level 11.1]
    Renderer: Intel(R) UHD Graphics 630 (ID=0x9bc8)
    Vendor:   
    VRAM:     8112 MB
    Driver:   27.20.100.8681
Initialize mono
Mono path[0] = 'C:/Program Files/Unity/Hub/Editor/2020.3.25f1/Editor/Data/Managed'
Mono path[1] = 'C:/Program Files/Unity/Hub/Editor/2020.3.25f1/Editor/Data/MonoBleedingEdge/lib/mono/unityjit'
Mono config path = 'C:/Program Files/Unity/Hub/Editor/2020.3.25f1/Editor/Data/MonoBleedingEdge/etc'
Using monoOptions --debugger-agent=transport=dt_socket,embedding=1,server=y,suspend=n,address=127.0.0.1:56460
Begin MonoManager ReloadAssembly
Registering precompiled unity dll's ...
Register platform support module: C:/Program Files/Unity/Hub/Editor/2020.3.25f1/Editor/Data/PlaybackEngines/WindowsStandaloneSupport/UnityEditor.WindowsStandalone.Extensions.dll
Registered in 0.001617 seconds.
Native extension for WindowsStandalone target not found
Refreshing native plugins compatible for Editor in 38.84 ms, found 3 plugins.
Preloading 0 native plugins for Editor in 0.00 ms.
Mono: successfully reloaded assembly
- Completed reload, in  0.495 seconds
Domain Reload Profiling:
	ReloadAssembly (495ms)
		BeginReloadAssembly (45ms)
			ExecutionOrderSort (0ms)
			DisableScriptedObjects (0ms)
			BackupInstance (0ms)
			ReleaseScriptingObjects (0ms)
			CreateAndSetChildDomain (1ms)
		EndReloadAssembly (389ms)
			LoadAssemblies (43ms)
			RebuildTransferFunctionScriptingTraits (0ms)
			SetupTypeCache (127ms)
			ReleaseScriptCaches (0ms)
			RebuildScriptCaches (26ms)
			SetupLoadedEditorAssemblies (149ms)
				LogAssemblyErrors (0ms)
				InitializePlatformSupportModulesInManaged (4ms)
				SetLoadedEditorAssemblies (0ms)
				RefreshPlugins (39ms)
				BeforeProcessingInitializeOnLoad (14ms)
				ProcessInitializeOnLoadAttributes (69ms)
				ProcessInitializeOnLoadMethodAttributes (23ms)
				AfterProcessingInitializeOnLoad (0ms)
				EditorAssembliesLoaded (0ms)
			ExecutionOrderSort2 (0ms)
			AwakeInstancesAfterBackupRestoration (0ms)
Platform modules already initialized, skipping
Registering precompiled user dll's ...
Registered in 0.004207 seconds.
Begin MonoManager ReloadAssembly
Native extension for WindowsStandalone target not found
Refreshing native plugins compatible for Editor in 38.63 ms, found 3 plugins.
Preloading 0 native plugins for Editor in 0.00 ms.
Mono: successfully reloaded assembly
- Completed reload, in  0.956 seconds
Domain Reload Profiling:
	ReloadAssembly (956ms)
		BeginReloadAssembly (120ms)
			ExecutionOrderSort (0ms)
			DisableScriptedObjects (4ms)
			BackupInstance (0ms)
			ReleaseScriptingObjects (0ms)
			CreateAndSetChildDomain (15ms)
		EndReloadAssembly (785ms)
			LoadAssemblies (74ms)
			RebuildTransferFunctionScriptingTraits (0ms)
			SetupTypeCache (263ms)
			ReleaseScriptCaches (0ms)
			RebuildScriptCaches (40ms)
			SetupLoadedEditorAssemblies (297ms)
				LogAssemblyErrors (0ms)
				InitializePlatformSupportModulesInManaged (3ms)
				SetLoadedEditorAssemblies (0ms)
				RefreshPlugins (39ms)
				BeforeProcessingInitializeOnLoad (70ms)
				ProcessInitializeOnLoadAttributes (165ms)
				ProcessInitializeOnLoadMethodAttributes (14ms)
				AfterProcessingInitializeOnLoad (5ms)
				EditorAssembliesLoaded (0ms)
			ExecutionOrderSort2 (0ms)
			AwakeInstancesAfterBackupRestoration (5ms)
Platform modules already initialized, skipping
========================================================================
Worker process is ready to serve import requests
Launched and connected shader compiler UnityShaderCompiler.exe after 0.05 seconds
Refreshing native plugins compatible for Editor in 0.44 ms, found 3 plugins.
Preloading 0 native plugins for Editor in 0.00 ms.
Unloading 2199 Unused Serialized files (Serialized files now loaded: 0)
System memory in use before: 96.0 MB.
System memory in use after: 96.0 MB.

Unloading 28 unused Assets to reduce memory usage. Loaded Objects now: 2633.
Total: 2.667100 ms (FindLiveObjects: 0.146000 ms CreateObjectMapping: 0.063400 ms MarkObjects: 2.411300 ms  DeleteObjects: 0.045800 ms)

AssetImportParameters requested are different than current active one (requested -> active):
  custom:framework-win-MediaFoundation: 216162199b28c13a410421893ffa2e32 -> 
  custom:video-decoder-ogg-theora: a1e56fd34408186e4bbccfd4996cb3dc -> 
  custom:container-muxer-webm: aa71ff27fc2769a1b78a27578f13a17b -> 
  custom:container-demuxer-webm: 4f35f7cbe854078d1ac9338744f61a02 -> 
  custom:container-demuxer-ogg: 62fdf1f143b41e24485cea50d1cbac27 -> 
  custom:video-encoder-webm-vp8: eb34c28f22e8b96e1ab97ce403110664 -> 
  custom:video-decoder-webm-vp8: 9c59270c3fd7afecdb556c50c9e8de78 -> 
  custom:audio-decoder-ogg-vorbis: bf7c407c2cedff20999df2af8eb42d56 -> 
  custom:audio-encoder-webm-vorbis: bf7c407c2cedff20999df2af8eb42d56 -> 
========================================================================
Received Import Request.
  path: Assets/Sprite/Panel.prefab
  artifactKey: Guid(49a4844320c1e1041aa64b9b8812bf38) Importer(815301076,1909f56bfc062723c751e8b465ee728b)
Start importing Assets/Sprite/Panel.prefab using Guid(49a4844320c1e1041aa64b9b8812bf38) Importer(815301076,1909f56bfc062723c751e8b465ee728b)  -> (artifact id: '1d602d79645b193c714e60b26f413aa3') in 0.049123 seconds 
  Import took 0.052127 seconds .

========================================================================
Received Import Request.
  Time since last request: 3.796352 seconds.
  path: Assets/Sprite/Panel.prefab
  artifactKey: Guid(49a4844320c1e1041aa64b9b8812bf38) Importer(815301076,1909f56bfc062723c751e8b465ee728b)
Start importing Assets/Sprite/Panel.prefab using Guid(49a4844320c1e1041aa64b9b8812bf38) Importer(815301076,1909f56bfc062723c751e8b465ee728b)  -> (artifact id: 'cbff801bf6e0b936d812251739f2ad38') in 0.004996 seconds 
  Import took 0.008605 seconds .

========================================================================
Received Import Request.
  Time since last request: 6.272080 seconds.
  path: Assets/Sprite/Panel.prefab
  artifactKey: Guid(49a4844320c1e1041aa64b9b8812bf38) Importer(815301076,1909f56bfc062723c751e8b465ee728b)
Start importing Assets/Sprite/Panel.prefab using Guid(49a4844320c1e1041aa64b9b8812bf38) Importer(815301076,1909f56bfc062723c751e8b465ee728b)  -> (artifact id: '2dd1287aa12735e0acea3039e73260c2') in 0.005171 seconds 
  Import took 0.008351 seconds .

========================================================================
Received Import Request.
  Time since last request: 0.392102 seconds.
  path: Assets/Sprite/Panel.prefab
  artifactKey: Guid(49a4844320c1e1041aa64b9b8812bf38) Importer(815301076,1909f56bfc062723c751e8b465ee728b)
Start importing Assets/Sprite/Panel.prefab using Guid(49a4844320c1e1041aa64b9b8812bf38) Importer(815301076,1909f56bfc062723c751e8b465ee728b)  -> (artifact id: 'e1c6da16232e66849f567b996e5cf1ad') in 0.005039 seconds 
  Import took 0.008472 seconds .

========================================================================
Received Import Request.
  Time since last request: 0.399120 seconds.
  path: Assets/Sprite/Panel.prefab
  artifactKey: Guid(49a4844320c1e1041aa64b9b8812bf38) Importer(815301076,1909f56bfc062723c751e8b465ee728b)
Start importing Assets/Sprite/Panel.prefab using Guid(49a4844320c1e1041aa64b9b8812bf38) Importer(815301076,1909f56bfc062723c751e8b465ee728b)  -> (artifact id: '0bfd9279966a0e0a13536e40afb1ee6e') in 0.004159 seconds 
  Import took 0.007380 seconds .

========================================================================
Received Import Request.
  Time since last request: 0.396461 seconds.
  path: Assets/Sprite/Panel.prefab
  artifactKey: Guid(49a4844320c1e1041aa64b9b8812bf38) Importer(815301076,1909f56bfc062723c751e8b465ee728b)
Start importing Assets/Sprite/Panel.prefab using Guid(49a4844320c1e1041aa64b9b8812bf38) Importer(815301076,1909f56bfc062723c751e8b465ee728b)  -> (artifact id: 'e13d0ae2908b3f08a8faefd8d3ab7401') in 0.004036 seconds 
  Import took 0.007354 seconds .

========================================================================
Received Import Request.
  Time since last request: 0.596125 seconds.
  path: Assets/Sprite/Panel.prefab
  artifactKey: Guid(49a4844320c1e1041aa64b9b8812bf38) Importer(815301076,1909f56bfc062723c751e8b465ee728b)
Start importing Assets/Sprite/Panel.prefab using Guid(49a4844320c1e1041aa64b9b8812bf38) Importer(815301076,1909f56bfc062723c751e8b465ee728b)  -> (artifact id: 'baf2f6eb6393d2165bb9932c2411b335') in 0.004244 seconds 
  Import took 0.007315 seconds .

========================================================================
Received Import Request.
  Time since last request: 1.208436 seconds.
  path: Assets/Sprite/Panel.prefab
  artifactKey: Guid(49a4844320c1e1041aa64b9b8812bf38) Importer(815301076,1909f56bfc062723c751e8b465ee728b)
Start importing Assets/Sprite/Panel.prefab using Guid(49a4844320c1e1041aa64b9b8812bf38) Importer(815301076,1909f56bfc062723c751e8b465ee728b)  -> (artifact id: 'ee7067eb44e66a5ff2a246983ac1f6f9') in 0.004309 seconds 
  Import took 0.007910 seconds .

========================================================================
Received Import Request.
  Time since last request: 1.008066 seconds.
  path: Assets/Sprite/Panel.prefab
  artifactKey: Guid(49a4844320c1e1041aa64b9b8812bf38) Importer(815301076,1909f56bfc062723c751e8b465ee728b)
Start importing Assets/Sprite/Panel.prefab using Guid(49a4844320c1e1041aa64b9b8812bf38) Importer(815301076,1909f56bfc062723c751e8b465ee728b)  -> (artifact id: 'f7cdd538a2c8bdfddee550bcdcfc406f') in 0.004358 seconds 
  Import took 0.008072 seconds .

========================================================================
Received Import Request.
  Time since last request: 0.798846 seconds.
  path: Assets/Sprite/Panel.prefab
  artifactKey: Guid(49a4844320c1e1041aa64b9b8812bf38) Importer(815301076,1909f56bfc062723c751e8b465ee728b)
Start importing Assets/Sprite/Panel.prefab using Guid(49a4844320c1e1041aa64b9b8812bf38) Importer(815301076,1909f56bfc062723c751e8b465ee728b)  -> (artifact id: '2b850d1d8dea3ef5df5e569b27715078') in 0.004503 seconds 
  Import took 0.008079 seconds .

========================================================================
Received Prepare
Registering precompiled user dll's ...
Registered in 0.003563 seconds.
Begin MonoManager ReloadAssembly
Native extension for WindowsStandalone target not found
Refreshing native plugins compatible for Editor in 0.44 ms, found 3 plugins.
Preloading 0 native plugins for Editor in 0.00 ms.
Mono: successfully reloaded assembly
- Completed reload, in  0.870 seconds
Domain Reload Profiling:
	ReloadAssembly (870ms)
		BeginReloadAssembly (97ms)
			ExecutionOrderSort (0ms)
			DisableScriptedObjects (5ms)
			BackupInstance (0ms)
			ReleaseScriptingObjects (0ms)
			CreateAndSetChildDomain (30ms)
		EndReloadAssembly (721ms)
			LoadAssemblies (74ms)
			RebuildTransferFunctionScriptingTraits (0ms)
			SetupTypeCache (252ms)
			ReleaseScriptCaches (1ms)
			RebuildScriptCaches (36ms)
			SetupLoadedEditorAssemblies (261ms)
				LogAssemblyErrors (0ms)
				InitializePlatformSupportModulesInManaged (4ms)
				SetLoadedEditorAssemblies (0ms)
				RefreshPlugins (0ms)
				BeforeProcessingInitializeOnLoad (71ms)
				ProcessInitializeOnLoadAttributes (170ms)
				ProcessInitializeOnLoadMethodAttributes (10ms)
				AfterProcessingInitializeOnLoad (5ms)
				EditorAssembliesLoaded (0ms)
			ExecutionOrderSort2 (0ms)
			AwakeInstancesAfterBackupRestoration (8ms)
Platform modules already initialized, skipping
Switching build target platform(19) subTarget(0) extendedPlatform(0) -> platform(13) subTarget(537395200) extendedPlatform(0)
Refreshing native plugins compatible for Editor in 0.42 ms, found 3 plugins.
Preloading 0 native plugins for Editor in 0.00 ms.
Unloading 2191 Unused Serialized files (Serialized files now loaded: 0)
System memory in use before: 95.4 MB.
System memory in use after: 95.5 MB.

Unloading 18 unused Assets to reduce memory usage. Loaded Objects now: 2637.
Total: 2.608300 ms (FindLiveObjects: 0.155400 ms CreateObjectMapping: 0.071000 ms MarkObjects: 2.364800 ms  DeleteObjects: 0.016300 ms)

AssetImportParameters requested are different than current active one (requested -> active):
  custom:framework-win-MediaFoundation: 216162199b28c13a410421893ffa2e32 -> 
  custom:video-decoder-ogg-theora: a1e56fd34408186e4bbccfd4996cb3dc -> 
  custom:container-muxer-webm: aa71ff27fc2769a1b78a27578f13a17b -> 
  custom:container-demuxer-webm: 4f35f7cbe854078d1ac9338744f61a02 -> 
  custom:container-demuxer-ogg: 62fdf1f143b41e24485cea50d1cbac27 -> 
  custom:video-encoder-webm-vp8: eb34c28f22e8b96e1ab97ce403110664 -> 
  custom:video-decoder-webm-vp8: 9c59270c3fd7afecdb556c50c9e8de78 -> 
  custom:graphics/normal-map-encoding: 01000000000000000000000000000000 -> 02000000000000000000000000000000
  custom:audio-decoder-ogg-vorbis: bf7c407c2cedff20999df2af8eb42d56 -> 
  custom:audio-encoder-webm-vorbis: bf7c407c2cedff20999df2af8eb42d56 -> 
AssetImportWorkerClient::OnTransportError - code=2 error=End of file
